2022-01-26 07:39 - Creating directory 'audio'
2022-01-26 07:39 - Creating directory 'video'
2022-01-26 07:39 - Creating directory 'torrent'
2022-01-26 07:39 - Creating directory 'text'
2022-01-26 07:42 - 'audio' directory created
2022-01-26 07:42 - moved file './messy_dir/plik2.wav' to './messy_dir/audio'
2022-01-26 07:42 - moved file './messy_dir/plik4.mp3' to './messy_dir/audio'
2022-01-26 07:42 - moved file './messy_dir/plik8.mp3' to './messy_dir/audio'
2022-01-26 07:42 - moved file './messy_dir/plik6.mp3' to './messy_dir/audio'
2022-01-26 07:42 - moved file './messy_dir/plik9.wav' to './messy_dir/audio'
2022-01-26 07:42 - moved file './messy_dir/plik7.mp3' to './messy_dir/audio'
2022-01-26 07:42 - moved file './messy_dir/plik3.mp3' to './messy_dir/audio'
2022-01-26 07:42 - moved file './messy_dir/plik10.mp3' to './messy_dir/audio'
2022-01-26 07:42 - moved file './messy_dir/plik3.wav' to './messy_dir/audio'
2022-01-26 07:42 - moved file './messy_dir/plik10.wav' to './messy_dir/audio'
2022-01-26 07:42 - moved file './messy_dir/plik5.mp3' to './messy_dir/audio'
2022-01-26 07:42 - moved file './messy_dir/plik1.wav' to './messy_dir/audio'
2022-01-26 07:42 - moved file './messy_dir/plik8.wav' to './messy_dir/audio'
2022-01-26 07:42 - moved file './messy_dir/plik2.mp3' to './messy_dir/audio'
2022-01-26 07:42 - moved file './messy_dir/plik6.wav' to './messy_dir/audio'
2022-01-26 07:42 - moved file './messy_dir/plik1.mp3' to './messy_dir/audio'
2022-01-26 07:42 - moved file './messy_dir/plik4.wav' to './messy_dir/audio'
2022-01-26 07:42 - moved file './messy_dir/plik9.mp3' to './messy_dir/audio'
2022-01-26 07:42 - moved file './messy_dir/plik7.wav' to './messy_dir/audio'
2022-01-26 07:42 - moved file './messy_dir/plik5.wav' to './messy_dir/audio'
2022-01-26 07:42 - 'video' directory created
2022-01-26 07:42 - moved file './messy_dir/plik9.mp4' to './messy_dir/video'
2022-01-26 07:42 - moved file './messy_dir/plik8.mkv' to './messy_dir/video'
2022-01-26 07:42 - moved file './messy_dir/plik6.avi' to './messy_dir/video'
2022-01-26 07:42 - moved file './messy_dir/plik5.mp4' to './messy_dir/video'
2022-01-26 07:42 - moved file './messy_dir/plik4.avi' to './messy_dir/video'
2022-01-26 07:42 - moved file './messy_dir/plik2.mkv' to './messy_dir/video'
2022-01-26 07:42 - moved file './messy_dir/plik1.mp4' to './messy_dir/video'
2022-01-26 07:42 - moved file './messy_dir/plik8.mp4' to './messy_dir/video'
2022-01-26 07:42 - moved file './messy_dir/plik7.mkv' to './messy_dir/video'
2022-01-26 07:42 - moved file './messy_dir/plik4.mp4' to './messy_dir/video'
2022-01-26 07:42 - moved file './messy_dir/plik3.mkv' to './messy_dir/video'
2022-01-26 07:42 - moved file './messy_dir/plik5.mkv' to './messy_dir/video'
2022-01-26 07:42 - moved file './messy_dir/plik4.mkv' to './messy_dir/video'
2022-01-26 07:42 - moved file './messy_dir/plik10.mp4' to './messy_dir/video'
2022-01-26 07:42 - moved file './messy_dir/plik8.avi' to './messy_dir/video'
2022-01-26 07:42 - moved file './messy_dir/plik7.mp4' to './messy_dir/video'
2022-01-26 07:42 - moved file './messy_dir/plik10.mkv' to './messy_dir/video'
2022-01-26 07:42 - moved file './messy_dir/plik3.mp4' to './messy_dir/video'
2022-01-26 07:42 - moved file './messy_dir/plik1.avi' to './messy_dir/video'
2022-01-26 07:42 - moved file './messy_dir/plik7.avi' to './messy_dir/video'
2022-01-26 07:42 - moved file './messy_dir/plik6.mkv' to './messy_dir/video'
2022-01-26 07:42 - moved file './messy_dir/plik9.mkv' to './messy_dir/video'
2022-01-26 07:42 - moved file './messy_dir/plik6.mp4' to './messy_dir/video'
2022-01-26 07:42 - moved file './messy_dir/plik2.mp4' to './messy_dir/video'
2022-01-26 07:42 - moved file './messy_dir/plik9.avi' to './messy_dir/video'
2022-01-26 07:42 - moved file './messy_dir/plik5.avi' to './messy_dir/video'
2022-01-26 07:42 - moved file './messy_dir/plik2.avi' to './messy_dir/video'
2022-01-26 07:42 - moved file './messy_dir/plik1.mkv' to './messy_dir/video'
2022-01-26 07:42 - moved file './messy_dir/plik10.avi' to './messy_dir/video'
2022-01-26 07:42 - moved file './messy_dir/plik3.avi' to './messy_dir/video'
2022-01-26 07:42 - 'torrent' directory created
2022-01-26 07:42 - moved file './messy_dir/plik6.torrent' to './messy_dir/torrent'
2022-01-26 07:42 - moved file './messy_dir/plik10.torrent' to './messy_dir/torrent'
2022-01-26 07:42 - moved file './messy_dir/plik8.torrent' to './messy_dir/torrent'
2022-01-26 07:42 - moved file './messy_dir/plik2.torrent' to './messy_dir/torrent'
2022-01-26 07:42 - moved file './messy_dir/plik5.torrent' to './messy_dir/torrent'
2022-01-26 07:42 - moved file './messy_dir/plik1.torrent' to './messy_dir/torrent'
2022-01-26 07:42 - moved file './messy_dir/plik3.torrent' to './messy_dir/torrent'
2022-01-26 07:42 - moved file './messy_dir/plik7.torrent' to './messy_dir/torrent'
2022-01-26 07:42 - moved file './messy_dir/plik9.torrent' to './messy_dir/torrent'
2022-01-26 07:42 - moved file './messy_dir/plik4.torrent' to './messy_dir/torrent'
2022-01-26 07:42 - 'text' directory created
2022-01-26 07:42 - moved file './messy_dir/plik2.txt' to './messy_dir/text'
2022-01-26 07:42 - moved file './messy_dir/plik7.PDF' to './messy_dir/text'
2022-01-26 07:42 - moved file './messy_dir/plik10.PDF' to './messy_dir/text'
2022-01-26 07:42 - moved file './messy_dir/plik8.txt' to './messy_dir/text'
2022-01-26 07:42 - moved file './messy_dir/plik10.txt' to './messy_dir/text'
2022-01-26 07:42 - moved file './messy_dir/plik4.doc' to './messy_dir/text'
2022-01-26 07:42 - moved file './messy_dir/plik4.txt' to './messy_dir/text'
2022-01-26 07:42 - moved file './messy_dir/plik2.PDF' to './messy_dir/text'
2022-01-26 07:42 - moved file './messy_dir/plik7.doc' to './messy_dir/text'
2022-01-26 07:42 - moved file './messy_dir/plik6.txt' to './messy_dir/text'
2022-01-26 07:42 - moved file './messy_dir/plik5.txt' to './messy_dir/text'
2022-01-26 07:42 - moved file './messy_dir/plik3.PDF' to './messy_dir/text'
2022-01-26 07:42 - moved file './messy_dir/plik1.doc' to './messy_dir/text'
2022-01-26 07:42 - moved file './messy_dir/plik7.txt' to './messy_dir/text'
2022-01-26 07:42 - moved file './messy_dir/plik4.PDF' to './messy_dir/text'
2022-01-26 07:42 - moved file './messy_dir/plik9.doc' to './messy_dir/text'
2022-01-26 07:42 - moved file './messy_dir/plik8.PDF' to './messy_dir/text'
2022-01-26 07:42 - moved file './messy_dir/plik1.PDF' to './messy_dir/text'
2022-01-26 07:42 - moved file './messy_dir/plik5.PDF' to './messy_dir/text'
2022-01-26 07:42 - moved file './messy_dir/plik1.txt' to './messy_dir/text'
2022-01-26 07:42 - moved file './messy_dir/plik3.doc' to './messy_dir/text'
2022-01-26 07:42 - moved file './messy_dir/plik3.txt' to './messy_dir/text'
2022-01-26 07:42 - moved file './messy_dir/plik8.doc' to './messy_dir/text'
2022-01-26 07:42 - moved file './messy_dir/plik5.doc' to './messy_dir/text'
2022-01-26 07:42 - moved file './messy_dir/plik6.PDF' to './messy_dir/text'
2022-01-26 07:42 - moved file './messy_dir/plik2.doc' to './messy_dir/text'
2022-01-26 07:42 - moved file './messy_dir/plik6.doc' to './messy_dir/text'
2022-01-26 07:42 - moved file './messy_dir/plik9.txt' to './messy_dir/text'
2022-01-26 07:42 - moved file './messy_dir/plik9.PDF' to './messy_dir/text'
2022-01-26 07:42 - moved file './messy_dir/plik10.doc' to './messy_dir/text'
2022-01-26 07:44 - 'audio' directory created
2022-01-26 07:44 - moved file '/home/woocash/dev/python/fsweeper/messy_dir/plik2.wav' to '/home/woocash/dev/python/fsweeper/messy_dir/audio'
2022-01-26 07:44 - moved file '/home/woocash/dev/python/fsweeper/messy_dir/plik4.mp3' to '/home/woocash/dev/python/fsweeper/messy_dir/audio'
2022-01-26 07:44 - moved file '/home/woocash/dev/python/fsweeper/messy_dir/plik8.mp3' to '/home/woocash/dev/python/fsweeper/messy_dir/audio'
2022-01-26 07:44 - moved file '/home/woocash/dev/python/fsweeper/messy_dir/plik6.mp3' to '/home/woocash/dev/python/fsweeper/messy_dir/audio'
2022-01-26 07:44 - moved file '/home/woocash/dev/python/fsweeper/messy_dir/plik9.wav' to '/home/woocash/dev/python/fsweeper/messy_dir/audio'
2022-01-26 07:44 - moved file '/home/woocash/dev/python/fsweeper/messy_dir/plik7.mp3' to '/home/woocash/dev/python/fsweeper/messy_dir/audio'
2022-01-26 07:44 - moved file '/home/woocash/dev/python/fsweeper/messy_dir/plik3.mp3' to '/home/woocash/dev/python/fsweeper/messy_dir/audio'
2022-01-26 07:44 - moved file '/home/woocash/dev/python/fsweeper/messy_dir/plik10.mp3' to '/home/woocash/dev/python/fsweeper/messy_dir/audio'
2022-01-26 07:44 - moved file '/home/woocash/dev/python/fsweeper/messy_dir/plik3.wav' to '/home/woocash/dev/python/fsweeper/messy_dir/audio'
2022-01-26 07:44 - moved file '/home/woocash/dev/python/fsweeper/messy_dir/plik10.wav' to '/home/woocash/dev/python/fsweeper/messy_dir/audio'
2022-01-26 07:44 - moved file '/home/woocash/dev/python/fsweeper/messy_dir/plik5.mp3' to '/home/woocash/dev/python/fsweeper/messy_dir/audio'
2022-01-26 07:44 - moved file '/home/woocash/dev/python/fsweeper/messy_dir/plik1.wav' to '/home/woocash/dev/python/fsweeper/messy_dir/audio'
2022-01-26 07:44 - moved file '/home/woocash/dev/python/fsweeper/messy_dir/plik8.wav' to '/home/woocash/dev/python/fsweeper/messy_dir/audio'
2022-01-26 07:44 - moved file '/home/woocash/dev/python/fsweeper/messy_dir/plik2.mp3' to '/home/woocash/dev/python/fsweeper/messy_dir/audio'
2022-01-26 07:44 - moved file '/home/woocash/dev/python/fsweeper/messy_dir/plik6.wav' to '/home/woocash/dev/python/fsweeper/messy_dir/audio'
2022-01-26 07:44 - moved file '/home/woocash/dev/python/fsweeper/messy_dir/plik1.mp3' to '/home/woocash/dev/python/fsweeper/messy_dir/audio'
2022-01-26 07:44 - moved file '/home/woocash/dev/python/fsweeper/messy_dir/plik4.wav' to '/home/woocash/dev/python/fsweeper/messy_dir/audio'
2022-01-26 07:44 - moved file '/home/woocash/dev/python/fsweeper/messy_dir/plik9.mp3' to '/home/woocash/dev/python/fsweeper/messy_dir/audio'
2022-01-26 07:44 - moved file '/home/woocash/dev/python/fsweeper/messy_dir/plik7.wav' to '/home/woocash/dev/python/fsweeper/messy_dir/audio'
2022-01-26 07:44 - moved file '/home/woocash/dev/python/fsweeper/messy_dir/plik5.wav' to '/home/woocash/dev/python/fsweeper/messy_dir/audio'
2022-01-26 07:44 - 'video' directory created
2022-01-26 07:44 - moved file '/home/woocash/dev/python/fsweeper/messy_dir/plik9.mp4' to '/home/woocash/dev/python/fsweeper/messy_dir/video'
2022-01-26 07:44 - moved file '/home/woocash/dev/python/fsweeper/messy_dir/plik8.mkv' to '/home/woocash/dev/python/fsweeper/messy_dir/video'
2022-01-26 07:44 - moved file '/home/woocash/dev/python/fsweeper/messy_dir/plik6.avi' to '/home/woocash/dev/python/fsweeper/messy_dir/video'
2022-01-26 07:44 - moved file '/home/woocash/dev/python/fsweeper/messy_dir/plik5.mp4' to '/home/woocash/dev/python/fsweeper/messy_dir/video'
2022-01-26 07:44 - moved file '/home/woocash/dev/python/fsweeper/messy_dir/plik4.avi' to '/home/woocash/dev/python/fsweeper/messy_dir/video'
2022-01-26 07:44 - moved file '/home/woocash/dev/python/fsweeper/messy_dir/plik2.mkv' to '/home/woocash/dev/python/fsweeper/messy_dir/video'
2022-01-26 07:44 - moved file '/home/woocash/dev/python/fsweeper/messy_dir/plik1.mp4' to '/home/woocash/dev/python/fsweeper/messy_dir/video'
2022-01-26 07:44 - moved file '/home/woocash/dev/python/fsweeper/messy_dir/plik8.mp4' to '/home/woocash/dev/python/fsweeper/messy_dir/video'
2022-01-26 07:44 - moved file '/home/woocash/dev/python/fsweeper/messy_dir/plik7.mkv' to '/home/woocash/dev/python/fsweeper/messy_dir/video'
2022-01-26 07:44 - moved file '/home/woocash/dev/python/fsweeper/messy_dir/plik4.mp4' to '/home/woocash/dev/python/fsweeper/messy_dir/video'
2022-01-26 07:44 - moved file '/home/woocash/dev/python/fsweeper/messy_dir/plik3.mkv' to '/home/woocash/dev/python/fsweeper/messy_dir/video'
2022-01-26 07:44 - moved file '/home/woocash/dev/python/fsweeper/messy_dir/plik5.mkv' to '/home/woocash/dev/python/fsweeper/messy_dir/video'
2022-01-26 07:44 - moved file '/home/woocash/dev/python/fsweeper/messy_dir/plik4.mkv' to '/home/woocash/dev/python/fsweeper/messy_dir/video'
2022-01-26 07:44 - moved file '/home/woocash/dev/python/fsweeper/messy_dir/plik10.mp4' to '/home/woocash/dev/python/fsweeper/messy_dir/video'
2022-01-26 07:44 - moved file '/home/woocash/dev/python/fsweeper/messy_dir/plik8.avi' to '/home/woocash/dev/python/fsweeper/messy_dir/video'
2022-01-26 07:44 - moved file '/home/woocash/dev/python/fsweeper/messy_dir/plik7.mp4' to '/home/woocash/dev/python/fsweeper/messy_dir/video'
2022-01-26 07:44 - moved file '/home/woocash/dev/python/fsweeper/messy_dir/plik10.mkv' to '/home/woocash/dev/python/fsweeper/messy_dir/video'
2022-01-26 07:44 - moved file '/home/woocash/dev/python/fsweeper/messy_dir/plik3.mp4' to '/home/woocash/dev/python/fsweeper/messy_dir/video'
2022-01-26 07:44 - moved file '/home/woocash/dev/python/fsweeper/messy_dir/plik1.avi' to '/home/woocash/dev/python/fsweeper/messy_dir/video'
2022-01-26 07:44 - moved file '/home/woocash/dev/python/fsweeper/messy_dir/plik7.avi' to '/home/woocash/dev/python/fsweeper/messy_dir/video'
2022-01-26 07:44 - moved file '/home/woocash/dev/python/fsweeper/messy_dir/plik6.mkv' to '/home/woocash/dev/python/fsweeper/messy_dir/video'
2022-01-26 07:44 - moved file '/home/woocash/dev/python/fsweeper/messy_dir/plik9.mkv' to '/home/woocash/dev/python/fsweeper/messy_dir/video'
2022-01-26 07:44 - moved file '/home/woocash/dev/python/fsweeper/messy_dir/plik6.mp4' to '/home/woocash/dev/python/fsweeper/messy_dir/video'
2022-01-26 07:44 - moved file '/home/woocash/dev/python/fsweeper/messy_dir/plik2.mp4' to '/home/woocash/dev/python/fsweeper/messy_dir/video'
2022-01-26 07:44 - moved file '/home/woocash/dev/python/fsweeper/messy_dir/plik9.avi' to '/home/woocash/dev/python/fsweeper/messy_dir/video'
2022-01-26 07:44 - moved file '/home/woocash/dev/python/fsweeper/messy_dir/plik5.avi' to '/home/woocash/dev/python/fsweeper/messy_dir/video'
2022-01-26 07:44 - moved file '/home/woocash/dev/python/fsweeper/messy_dir/plik2.avi' to '/home/woocash/dev/python/fsweeper/messy_dir/video'
2022-01-26 07:44 - moved file '/home/woocash/dev/python/fsweeper/messy_dir/plik1.mkv' to '/home/woocash/dev/python/fsweeper/messy_dir/video'
2022-01-26 07:44 - moved file '/home/woocash/dev/python/fsweeper/messy_dir/plik10.avi' to '/home/woocash/dev/python/fsweeper/messy_dir/video'
2022-01-26 07:44 - moved file '/home/woocash/dev/python/fsweeper/messy_dir/plik3.avi' to '/home/woocash/dev/python/fsweeper/messy_dir/video'
2022-01-26 07:44 - 'torrent' directory created
2022-01-26 07:44 - moved file '/home/woocash/dev/python/fsweeper/messy_dir/plik6.torrent' to '/home/woocash/dev/python/fsweeper/messy_dir/torrent'
2022-01-26 07:44 - moved file '/home/woocash/dev/python/fsweeper/messy_dir/plik10.torrent' to '/home/woocash/dev/python/fsweeper/messy_dir/torrent'
2022-01-26 07:44 - moved file '/home/woocash/dev/python/fsweeper/messy_dir/plik8.torrent' to '/home/woocash/dev/python/fsweeper/messy_dir/torrent'
2022-01-26 07:44 - moved file '/home/woocash/dev/python/fsweeper/messy_dir/plik2.torrent' to '/home/woocash/dev/python/fsweeper/messy_dir/torrent'
2022-01-26 07:44 - moved file '/home/woocash/dev/python/fsweeper/messy_dir/plik5.torrent' to '/home/woocash/dev/python/fsweeper/messy_dir/torrent'
2022-01-26 07:44 - moved file '/home/woocash/dev/python/fsweeper/messy_dir/plik1.torrent' to '/home/woocash/dev/python/fsweeper/messy_dir/torrent'
2022-01-26 07:44 - moved file '/home/woocash/dev/python/fsweeper/messy_dir/plik3.torrent' to '/home/woocash/dev/python/fsweeper/messy_dir/torrent'
2022-01-26 07:44 - moved file '/home/woocash/dev/python/fsweeper/messy_dir/plik7.torrent' to '/home/woocash/dev/python/fsweeper/messy_dir/torrent'
2022-01-26 07:44 - moved file '/home/woocash/dev/python/fsweeper/messy_dir/plik9.torrent' to '/home/woocash/dev/python/fsweeper/messy_dir/torrent'
2022-01-26 07:44 - moved file '/home/woocash/dev/python/fsweeper/messy_dir/plik4.torrent' to '/home/woocash/dev/python/fsweeper/messy_dir/torrent'
2022-01-26 07:44 - 'text' directory created
2022-01-26 07:44 - moved file '/home/woocash/dev/python/fsweeper/messy_dir/plik2.txt' to '/home/woocash/dev/python/fsweeper/messy_dir/text'
2022-01-26 07:44 - moved file '/home/woocash/dev/python/fsweeper/messy_dir/plik7.PDF' to '/home/woocash/dev/python/fsweeper/messy_dir/text'
2022-01-26 07:44 - moved file '/home/woocash/dev/python/fsweeper/messy_dir/plik10.PDF' to '/home/woocash/dev/python/fsweeper/messy_dir/text'
2022-01-26 07:44 - moved file '/home/woocash/dev/python/fsweeper/messy_dir/plik8.txt' to '/home/woocash/dev/python/fsweeper/messy_dir/text'
2022-01-26 07:44 - moved file '/home/woocash/dev/python/fsweeper/messy_dir/plik10.txt' to '/home/woocash/dev/python/fsweeper/messy_dir/text'
2022-01-26 07:44 - moved file '/home/woocash/dev/python/fsweeper/messy_dir/plik4.doc' to '/home/woocash/dev/python/fsweeper/messy_dir/text'
2022-01-26 07:44 - moved file '/home/woocash/dev/python/fsweeper/messy_dir/plik4.txt' to '/home/woocash/dev/python/fsweeper/messy_dir/text'
2022-01-26 07:44 - moved file '/home/woocash/dev/python/fsweeper/messy_dir/plik2.PDF' to '/home/woocash/dev/python/fsweeper/messy_dir/text'
2022-01-26 07:44 - moved file '/home/woocash/dev/python/fsweeper/messy_dir/plik7.doc' to '/home/woocash/dev/python/fsweeper/messy_dir/text'
2022-01-26 07:44 - moved file '/home/woocash/dev/python/fsweeper/messy_dir/plik6.txt' to '/home/woocash/dev/python/fsweeper/messy_dir/text'
2022-01-26 07:44 - moved file '/home/woocash/dev/python/fsweeper/messy_dir/plik5.txt' to '/home/woocash/dev/python/fsweeper/messy_dir/text'
2022-01-26 07:44 - moved file '/home/woocash/dev/python/fsweeper/messy_dir/plik3.PDF' to '/home/woocash/dev/python/fsweeper/messy_dir/text'
2022-01-26 07:44 - moved file '/home/woocash/dev/python/fsweeper/messy_dir/plik1.doc' to '/home/woocash/dev/python/fsweeper/messy_dir/text'
2022-01-26 07:44 - moved file '/home/woocash/dev/python/fsweeper/messy_dir/plik7.txt' to '/home/woocash/dev/python/fsweeper/messy_dir/text'
2022-01-26 07:44 - moved file '/home/woocash/dev/python/fsweeper/messy_dir/plik4.PDF' to '/home/woocash/dev/python/fsweeper/messy_dir/text'
2022-01-26 07:44 - moved file '/home/woocash/dev/python/fsweeper/messy_dir/plik9.doc' to '/home/woocash/dev/python/fsweeper/messy_dir/text'
2022-01-26 07:44 - moved file '/home/woocash/dev/python/fsweeper/messy_dir/plik8.PDF' to '/home/woocash/dev/python/fsweeper/messy_dir/text'
2022-01-26 07:44 - moved file '/home/woocash/dev/python/fsweeper/messy_dir/plik1.PDF' to '/home/woocash/dev/python/fsweeper/messy_dir/text'
2022-01-26 07:44 - moved file '/home/woocash/dev/python/fsweeper/messy_dir/plik5.PDF' to '/home/woocash/dev/python/fsweeper/messy_dir/text'
2022-01-26 07:44 - moved file '/home/woocash/dev/python/fsweeper/messy_dir/plik1.txt' to '/home/woocash/dev/python/fsweeper/messy_dir/text'
2022-01-26 07:44 - moved file '/home/woocash/dev/python/fsweeper/messy_dir/plik3.doc' to '/home/woocash/dev/python/fsweeper/messy_dir/text'
2022-01-26 07:44 - moved file '/home/woocash/dev/python/fsweeper/messy_dir/plik3.txt' to '/home/woocash/dev/python/fsweeper/messy_dir/text'
2022-01-26 07:44 - moved file '/home/woocash/dev/python/fsweeper/messy_dir/plik8.doc' to '/home/woocash/dev/python/fsweeper/messy_dir/text'
2022-01-26 07:44 - moved file '/home/woocash/dev/python/fsweeper/messy_dir/plik5.doc' to '/home/woocash/dev/python/fsweeper/messy_dir/text'
2022-01-26 07:44 - moved file '/home/woocash/dev/python/fsweeper/messy_dir/plik6.PDF' to '/home/woocash/dev/python/fsweeper/messy_dir/text'
2022-01-26 07:44 - moved file '/home/woocash/dev/python/fsweeper/messy_dir/plik2.doc' to '/home/woocash/dev/python/fsweeper/messy_dir/text'
2022-01-26 07:44 - moved file '/home/woocash/dev/python/fsweeper/messy_dir/plik6.doc' to '/home/woocash/dev/python/fsweeper/messy_dir/text'
2022-01-26 07:44 - moved file '/home/woocash/dev/python/fsweeper/messy_dir/plik9.txt' to '/home/woocash/dev/python/fsweeper/messy_dir/text'
2022-01-26 07:44 - moved file '/home/woocash/dev/python/fsweeper/messy_dir/plik9.PDF' to '/home/woocash/dev/python/fsweeper/messy_dir/text'
2022-01-26 07:44 - moved file '/home/woocash/dev/python/fsweeper/messy_dir/plik10.doc' to '/home/woocash/dev/python/fsweeper/messy_dir/text'
